?       changes.diff
?       make.log
?       build
?       status.log
?       Makefile.local
M       make-macosx-ub.sh
M       IOQ3-README
M       voip-readme.txt
M       code/asm/qasm.h
M       code/asm/matha.s
M       code/q3_ui/ui_preferences.c
M       code/q3_ui/ui_menu.c
M       code/q3_ui/ui_startserver2.c
M       code/q3_ui/ui_wopsp.c
M       code/q3_ui/ui_splevel.c
M       code/q3_ui/ui_servers2.c
M       code/q3_ui/ui_playersettings.c
M       code/q3_ui/ui_atoms.c
M       code/q3_ui/ui_main.c
M       code/q3_ui/ui_controls2.c
M       code/q3_ui/ui_qmenu.c
M       code/q3_ui/ui_gameinfo.c
M       code/q3_ui/ui_local.h
M       code/q3_ui/ui_mfield.c
M       code/q3_ui/ui_callvote.c
M       code/q3_ui/ui_mediaview.c
M       code/q3_ui/ui_players.c
M       code/q3_ui/ui_credits.c
M       code/q3_ui/ui_setup.c
M       code/sdl/sdl_input.c
M       code/jpeg-6b/jmorecfg.h
M       code/jpeg-6b/jinclude.h
M       code/tools/asm/q3asm.c
M       code/tools/asm/cmdlib.c
M       code/tools/lcc/cpp/tokens.c
M       code/tools/lcc/cpp/include.c
M       code/tools/lcc/lburg/gram.c
M       code/tools/lcc/etc/lcc.c
A       code/zlib
?       code/zlib/inffast.h
?       code/zlib/inftrees.c
?       code/zlib/crc32.h
?       code/zlib/inffixed.h
?       code/zlib/inflate.c
?       code/zlib/zconf.h
?       code/zlib/inftrees.h
?       code/zlib/zlib.h
?       code/zlib/inflate.h
?       code/zlib/zutil.c
?       code/zlib/inffast.c
?       code/zlib/adler32.c
?       code/zlib/zutil.h
?       code/zlib/crc32.c
M       code/renderer/tr_local.h
M       code/renderer/tr_model.c
M       code/renderer/tr_init.c
M       code/renderer/tr_shade_calc.c
M       code/renderer/tr_noise.c
M       code/renderer/tr_marks.c
M       code/renderer/tr_scene.c
M       code/renderer/tr_shader.c
M       code/renderer/tr_main.c
M       code/server/sv_game.c
M       code/server/sv_ccmds.c
M       code/server/sv_client.c
M       code/server/sv_net_chan.c
M       code/server/sv_snapshot.c
M       code/server/server.h
M       code/server/sv_init.c
M       code/server/sv_main.c
M       code/game/g_syscalls.c
M       code/game/g_local.h
M       code/game/g_arenas.c
M       code/game/g_active.c
M       code/game/g_main.c
M       code/game/g_bot.c
M       code/game/wopg_spstoryfiles.c
M       code/game/wopg_spstoryfiles.h
M       code/game/ai_dmq3.c
M       code/game/g_items.c
M       code/game/g_team.c
M       code/game/g_cmds.c
M       code/game/ai_main.c
M       code/game/g_spawn.c
M       code/game/g_team.h
M       code/game/ai_main.h
M       code/game/g_svcmds.c
M       code/game/g_combat.c
M       code/game/ai_dmnet.c
M       code/game/ai_dmnet.h
M       code/game/g_session.c
M       code/game/g_mover.c
M       code/game/g_utils.c
M       code/game/bg_lib.c
M       code/game/bg_lib.h
M       code/game/wopg_sphandling.c
M       code/game/g_client.c
M       code/game/ai_chat.c
?       code/qcommon/ioapi.c
?       code/qcommon/ioapi.h
M       code/qcommon/vm_local.h
M       code/qcommon/q_platform.h
M       code/qcommon/q_math.c
M       code/qcommon/net_chan.c
M       code/qcommon/vm_x86.c
M       code/qcommon/q_shared.h
M       code/qcommon/vm_x86_64.c
M       code/qcommon/files.c
M       code/qcommon/cmd.c
M       code/qcommon/unzip.c
M       code/qcommon/unzip.h
M       code/qcommon/qcommon.h
M       code/qcommon/net_ip.c
M       code/qcommon/vm.c
D       code/qcommon/vm_ppc.c
M       code/qcommon/msg.c
M       code/qcommon/vm_interpreted.c
M       code/qcommon/common.c
M       code/qcommon/cvar.c
M       code/qcommon/vm_x86_64_assembler.c
M       code/null/null_client.c
M       code/libspeex/config.h
M       code/botlib/be_ai_chat.c
M       code/botlib/be_ai_goal.c
M       code/botlib/be_interface.c
M       code/botlib/be_interface.h
M       code/botlib/l_log.c
M       code/botlib/l_precomp.c
M       code/botlib/botlib.h
M       code/botlib/l_crc.c
M       code/botlib/be_aas_route.c
M       code/botlib/l_struct.c
M       code/botlib/be_aas_main.c
M       code/botlib/l_script.c
M       code/botlib/be_ai_weight.c
M       code/botlib/be_aas_sample.c
M       code/botlib/be_aas_cluster.c
M       code/botlib/l_memory.c
M       code/botlib/be_ai_move.c
M       code/botlib/be_ea.c
M       code/botlib/be_ai_char.c
M       code/cgame/cg_cutscene2d.c
M       code/cgame/cg_snapshot.c
M       code/cgame/cg_local.h
M       code/cgame/cg_weapons.c
M       code/cgame/cg_players.c
M       code/cgame/cg_spraylogo.c
M       code/cgame/cg_event.c
M       code/cgame/cg_info.c
M       code/cgame/cg_draw.c
M       code/cgame/cg_syscalls.c
M       code/cgame/cg_ents.c
M       code/cgame/wopc_advanced2d.c
M       code/cgame/cg_lensflare.c
M       code/cgame/cg_servercmds.c
M       code/cgame/cg_spriteparticles.c
M       code/cgame/cg_effects.c
M       code/cgame/cg_scoreboard.c
M       code/cgame/cg_main.c
M       code/ui/ui_main.c
M       code/ui/ui_syscalls.c
M       code/client/snd_mix.c
M       code/client/cl_input.c
M       code/client/cl_scrn.c
M       code/client/client.h
M       code/client/cl_curl.c
M       code/client/libmumblelink.c
M       code/client/cl_cin.c
M       code/client/cl_parse.c
M       code/client/libmumblelink.h
M       code/client/cl_main.c
M       code/client/snd_local.h
M       code/client/snd_dma.c
M       code/client/snd_codec_ogg.c
M       code/client/snd_openal.c
M       code/client/snd_main.c
M       code/client/cl_keys.c
M       code/client/cl_cgame.c
M       code/client/cl_ui.c
M       code/client/cl_avi.c
?       code/sys/sys_osx.m
M       code/sys/con_tty.c
M       code/sys/sys_win32.c
M       code/sys/sys_unix.c
M       code/sys/sys_main.c
M       code/sys/sys_local.h
M       misc/setup/pkg/ioquake3/depend
M       misc/setup/pkg/ioquake3/pkginfo.template
M       misc/setup/pkg/ioq3ded.sh
M       misc/setup/pkg/ioquake3d/depend
M       misc/setup/pkg/ioquake3.sh
M       misc/setup/pkg/ioquake3m/depend
M       misc/setup/Solaris_pkg.sh
M       misc/setup/ioquake3.SlackBuild
D       misc/sdl-win32-fixes.diff
M       misc/msvc/quake3.vcproj
M       misc/nsis/Makefile
M       misc/nsis/ioquake3.nsi.in
M       cross-make-mingw.sh
M       Makefile
